#
# A fatal error has been detected by the Java Runtime Environment:
#
#  EXCEPTION_ACCESS_VIOLATION (0xc0000005) at pc=0x00000000028db67a, pid=87292, tid=90796
#
# JRE version: Java(TM) SE Runtime Environment (7.0_51-b13) (build 1.7.0_51-b13)
# Java VM: Java HotSpot(TM) 64-Bit Server VM (24.51-b03 mixed mode windows-amd64 compressed oops)
# Problematic frame:
# v  ~BufferBlob::jni_fast_GetLongField
#
# Failed to write core dump. Minidumps are not enabled by default on client versions of Windows
#
# If you would like to submit a bug report, please visit:
#   http://bugreport.sun.com/bugreport/crash.jsp
# The crash happened outside the Java Virtual Machine in native code.
# See problematic frame for where to report the bug.
#

---------------  T H R E A D  ---------------

Current thread (0x000000000c8e4000):  JavaThread "AWT-EventQueue-0" [_thread_in_native, id=90796, stack(0x000000000d290000,0x000000000d390000)]

siginfo: ExceptionCode=0xc0000005, reading address 0x0000000000000000

Registers:
RAX=0x0000000063e8bf80, RBX=0x00000000bed45138, RCX=0x000000000c8e41e8, RDX=0x0000000000000000
RSP=0x000000000d3882e8, RBP=0x000000000d388420, RSI=0x000000000d38c800, RDI=0x000000000c8e41e8
R8 =0x0000000000000042, R9 =0x0000000000000000, R10=0x0000000000000070, R11=0x000000006397faf0
R12=0x000000000d38c7f8, R13=0x000000000d38c810, R14=0x000000000d38c808, R15=0x000000000c8e41e8
RIP=0x00000000028db67a, EFLAGS=0x0000000000010246

Top of Stack: (sp=0x000000000d3882e8)
0x000000000d3882e8:   000000006dfc15ed 000000000d3884e0
0x000000000d3882f8:   0000000009fc46b0 0000000100001fa2
0x000000000d388308:   000000006e4081aa 000000000d38c818
0x000000000d388318:   000000006dfd04e2 00000000bed45138
0x000000000d388328:   000000000d38a600 00000000beed95d0
0x000000000d388338:   00000000beeda1f8 0000000200000000
0x000000000d388348:   000000a500001fa2 00000000beebf4e8
0x000000000d388358:   0000000000000000 0000000000000b00
0x000000000d388368:   0000000000000000 41d0000000000000
0x000000000d388378:   00000000638bcb9a 000000000d3886b0
0x000000000d388388:   000000006dfcf47c 40132aaaaaaaaaaa
0x000000000d388398:   40132aaa00000000 0000000000000140
0x000000000d3883a8:   00000000000000ef 4059609d89d89d8a
0x000000000d3883b8:   0000000009fc46b0 000000000d38c7f0
0x000000000d3883c8:   000000006e01b381 0000000000000000
0x000000000d3883d8:   0000000000000000 000000007d89d89d 

Instructions: (pc=0x00000000028db67a)
0x00000000028db65a:   00 00 00 00 00 00 44 8b 15 b9 03 61 61 4c 8b ca
0x00000000028db66a:   41 f6 c2 01 0f 85 2e 00 00 00 4d 33 ca 4d 33 ca
0x00000000028db67a:   4d 8b 09 4d 8b d8 49 c1 eb 02 4b 8b 04 19 49 bb
0x00000000028db68a:   20 ba ee 63 00 00 00 00 4c 33 d8 4c 33 d8 45 3b 


Register to memory mapping:

RAX=0x0000000063e8bf80 is an unknown value
RBX=0x00000000bed45138 is an oop
{method} 
 - klass: {other class}
RCX=0x000000000c8e41e8 is an unknown value
RDX=0x0000000000000000 is an unknown value
RSP=0x000000000d3882e8 is pointing into the stack for thread: 0x000000000c8e4000
RBP=0x000000000d388420 is pointing into the stack for thread: 0x000000000c8e4000
RSI=0x000000000d38c800 is pointing into the stack for thread: 0x000000000c8e4000
RDI=0x000000000c8e41e8 is an unknown value
R8 =0x0000000000000042 is an unknown value
R9 =0x0000000000000000 is an unknown value
R10=0x0000000000000070 is an unknown value
R11=0x000000006397faf0 is an unknown value
R12=0x000000000d38c7f8 is pointing into the stack for thread: 0x000000000c8e4000
R13=0x000000000d38c810 is pointing into the stack for thread: 0x000000000c8e4000
R14=0x000000000d38c808 is pointing into the stack for thread: 0x000000000c8e4000
R15=0x000000000c8e41e8 is an unknown value


Stack: [0x000000000d290000,0x000000000d390000],  sp=0x000000000d3882e8,  free space=992k
Native frames: (J=compiled Java code, j=interpreted, Vv=VM code, C=native code)
v  ~BufferBlob::jni_fast_GetLongField

Java frames: (J=compiled Java code, j=interpreted, Vv=VM code)
j  sun.java2d.loops.TransformHelper.Transform(Lsun/java2d/loops/MaskBlit;Lsun/java2d/SurfaceData;Lsun/java2d/SurfaceData;Ljava/awt/Composite;Lsun/java2d/pipe/Region;Ljava/awt/geom/AffineTransform;IIIIIIIII[III)V+0
j  sun.java2d.pipe.DrawImage.renderImageXform(Lsun/java2d/SunGraphics2D;Ljava/awt/Image;Ljava/awt/geom/AffineTransform;IIIIILjava/awt/Color;)V+505
j  sun.java2d.pipe.DrawImage.transformImage(Lsun/java2d/SunGraphics2D;Ljava/awt/Image;Ljava/awt/geom/AffineTransform;IIIIILjava/awt/Color;)V+120
j  sun.java2d.pipe.DrawImage.scaleImage(Lsun/java2d/SunGraphics2D;Ljava/awt/Image;IIIILjava/awt/Color;)Z+181
J  sun.java2d.SunGraphics2D.drawImage(Ljava/awt/Image;IIIILjava/awt/Color;Ljava/awt/image/ImageObserver;)Z
j  sun.java2d.SunGraphics2D.drawImage(Ljava/awt/Image;IIIILjava/awt/image/ImageObserver;)Z+11
j  Objects.Monster.draw(Ljava/awt/Graphics;)V+407
j  Game.MainGame.drawGameObjects(Ljava/awt/Graphics;)V+91
j  Game.MainGame.paintComponent(Ljava/awt/Graphics;)V+12
j  javax.swing.JComponent.paint(Ljava/awt/Graphics;)V+286
j  javax.swing.JComponent.paintToOffscreen(Ljava/awt/Graphics;IIIIII)V+41
j  javax.swing.RepaintManager$PaintManager.paintDoubleBuffered(Ljavax/swing/JComponent;Ljava/awt/Image;Ljava/awt/Graphics;IIII)V+163
j  javax.swing.RepaintManager$PaintManager.paint(Ljavax/swing/JComponent;Ljavax/swing/JComponent;Ljava/awt/Graphics;IIII)Z+116
j  javax.swing.RepaintManager.paint(Ljavax/swing/JComponent;Ljavax/swing/JComponent;Ljava/awt/Graphics;IIII)V+52
j  javax.swing.JComponent._paintImmediately(IIII)V+683
j  javax.swing.JComponent.paintImmediately(IIII)V+138
j  javax.swing.RepaintManager$3.run()Ljava/lang/Void;+75
j  javax.swing.RepaintManager$3.run()Ljava/lang/Object;+1
v  ~StubRoutines::call_stub
j  java.security.AccessController.doPrivileged(Ljava/security/PrivilegedAction;Ljava/security/AccessControlContext;)Ljava/lang/Object;+0
j  java.security.ProtectionDomain$1.doIntersectionPrivilege(Ljava/security/PrivilegedAction;Ljava/security/AccessControlContext;Ljava/security/AccessControlContext;)Ljava/lang/Object;+28
j  javax.swing.RepaintManager.paintDirtyRegions(Ljava/util/Map;)V+154
j  javax.swing.RepaintManager.paintDirtyRegions()V+46
j  javax.swing.RepaintManager.prePaintDirtyRegions()V+73
j  javax.swing.RepaintManager.access$1100(Ljavax/swing/RepaintManager;)V+1
j  javax.swing.RepaintManager$ProcessingRunnable.run()V+37
j  java.awt.event.InvocationEvent.dispatch()V+47
j  java.awt.EventQueue.dispatchEventImpl(Ljava/awt/AWTEvent;Ljava/lang/Object;)V+21
j  java.awt.EventQueue.access$200(Ljava/awt/EventQueue;Ljava/awt/AWTEvent;Ljava/lang/Object;)V+3
j  java.awt.EventQueue$3.run()Ljava/lang/Void;+12
j  java.awt.EventQueue$3.run()Ljava/lang/Object;+1
v  ~StubRoutines::call_stub
j  java.security.AccessController.doPrivileged(Ljava/security/PrivilegedAction;Ljava/security/AccessControlContext;)Ljava/lang/Object;+0
j  java.security.ProtectionDomain$1.doIntersectionPrivilege(Ljava/security/PrivilegedAction;Ljava/security/AccessControlContext;Ljava/security/AccessControlContext;)Ljava/lang/Object;+28
j  java.awt.EventQueue.dispatchEvent(Ljava/awt/AWTEvent;)V+46
j  java.awt.EventDispatchThread.pumpOneEventForFilters(I)V+245
j  java.awt.EventDispatchThread.pumpEventsForFilter(ILjava/awt/Conditional;Ljava/awt/EventFilter;)V+35
j  java.awt.EventDispatchThread.pumpEventsForHierarchy(ILjava/awt/Conditional;Ljava/awt/Component;)V+11
j  java.awt.EventDispatchThread.pumpEvents(ILjava/awt/Conditional;)V+4
j  java.awt.EventDispatchThread.pumpEvents(Ljava/awt/Conditional;)V+3
j  java.awt.EventDispatchThread.run()V+9
v  ~StubRoutines::call_stub

---------------  P R O C E S S  ---------------

Java Threads: ( => current thread )
  0x000000000a064800 JavaThread "Direct Clip" daemon [_thread_blocked, id=90388, stack(0x000000000edc0000,0x000000000eec0000)]
  0x000000000a063800 JavaThread "Direct Clip" daemon [_thread_blocked, id=90580, stack(0x000000000fad0000,0x000000000fbd0000)]
  0x000000000a063000 JavaThread "Direct Clip" daemon [_thread_blocked, id=46196, stack(0x0000000011070000,0x0000000011170000)]
  0x000000000a062000 JavaThread "Direct Clip" daemon [_thread_blocked, id=90588, stack(0x000000000c5b0000,0x000000000c6b0000)]
  0x000000000a061800 JavaThread "Direct Clip" daemon [_thread_blocked, id=88568, stack(0x000000000c140000,0x000000000c240000)]
  0x000000000a060800 JavaThread "Direct Clip" daemon [_thread_blocked, id=90208, stack(0x0000000010f40000,0x0000000011040000)]
  0x000000000a060000 JavaThread "Direct Clip" daemon [_thread_blocked, id=67908, stack(0x000000000d0f0000,0x000000000d1f0000)]
  0x000000000a05f000 JavaThread "Direct Clip" daemon [_thread_blocked, id=76524, stack(0x000000000c6b0000,0x000000000c7b0000)]
  0x000000000a05e800 JavaThread "Direct Clip" daemon [_thread_blocked, id=28584, stack(0x000000000c370000,0x000000000c470000)]
  0x000000000a05d800 JavaThread "Direct Clip" daemon [_thread_blocked, id=90928, stack(0x000000000c480000,0x000000000c580000)]
  0x000000000a05d000 JavaThread "Direct Clip" daemon [_thread_blocked, id=90836, stack(0x0000000010640000,0x0000000010740000)]
  0x000000000a05c000 JavaThread "Direct Clip" daemon [_thread_blocked, id=77272, stack(0x0000000010a10000,0x0000000010b10000)]
  0x000000000a05b800 JavaThread "Direct Clip" daemon [_thread_blocked, id=90864, stack(0x0000000010770000,0x0000000010870000)]
  0x000000000a05a800 JavaThread "Direct Clip" daemon [_thread_blocked, id=75712, stack(0x000000000eb80000,0x000000000ec80000)]
  0x0000000009f17000 JavaThread "Direct Clip" daemon [_thread_blocked, id=72184, stack(0x0000000010310000,0x0000000010410000)]
  0x000000000c9c9800 JavaThread "Direct Clip" daemon [_thread_blocked, id=90312, stack(0x000000000fd90000,0x000000000fe90000)]
  0x000000000c9c9000 JavaThread "Java Sound Event Dispatcher" daemon [_thread_blocked, id=90144, stack(0x000000000f5b0000,0x000000000f6b0000)]
  0x000000000c9c1000 JavaThread "Thread-2" [_thread_in_native, id=61828, stack(0x000000000e970000,0x000000000ea70000)]
  0x0000000009ef3000 JavaThread "TimerQueue" daemon [_thread_blocked, id=90576, stack(0x000000000e6f0000,0x000000000e7f0000)]
=>0x000000000c8e4000 JavaThread "AWT-EventQueue-0" [_thread_in_native, id=90796, stack(0x000000000d290000,0x000000000d390000)]
  0x0000000009e2c000 JavaThread "AWT-Windows" daemon [_thread_in_native, id=89708, stack(0x000000000bfe0000,0x000000000c0e0000)]
  0x0000000009e29000 JavaThread "AWT-Shutdown" [_thread_blocked, id=88460, stack(0x000000000bdd0000,0x000000000bed0000)]
  0x0000000009d4c800 JavaThread "Java2D Disposer" daemon [_thread_blocked, id=88688, stack(0x000000000bb10000,0x000000000bc10000)]
  0x0000000008d9d800 JavaThread "Service Thread" daemon [_thread_blocked, id=88172, stack(0x000000000b7c0000,0x000000000b8c0000)]
  0x0000000008d9b000 JavaThread "C2 CompilerThread1" daemon [_thread_blocked, id=88960, stack(0x000000000b500000,0x000000000b600000)]
  0x0000000008d94000 JavaThread "C2 CompilerThread0" daemon [_thread_blocked, id=89372, stack(0x000000000b3b0000,0x000000000b4b0000)]
  0x0000000008d92800 JavaThread "Attach Listener" daemon [_thread_blocked, id=88508, stack(0x000000000af40000,0x000000000b040000)]
  0x000000000246f800 JavaThread "Signal Dispatcher" daemon [_thread_blocked, id=89348, stack(0x000000000b240000,0x000000000b340000)]
  0x000000000246b800 JavaThread "Finalizer" daemon [_thread_blocked, id=89636, stack(0x000000000b0b0000,0x000000000b1b0000)]
  0x0000000002468800 JavaThread "Reference Handler" daemon [_thread_blocked, id=91032, stack(0x000000000ae00000,0x000000000af00000)]
  0x000000000250e000 JavaThread "main" [_thread_blocked, id=71472, stack(0x0000000002780000,0x0000000002880000)]

Other Threads:
  0x0000000009ce3800 VMThread [stack: 0x000000000ac60000,0x000000000ad60000] [id=71208]
  0x0000000008d9e000 WatcherThread [stack: 0x000000000b9c0000,0x000000000bac0000] [id=91044]

VM state:not at safepoint (normal execution)

VM Mutex/Monitor currently owned by a thread: None

Heap
 PSYoungGen      total 18432K, used 218K [0x00000000ebc80000, 0x00000000ed100000, 0x0000000100000000)
  eden space 15872K, 1% used [0x00000000ebc80000,0x00000000ebcb6ae8,0x00000000ecc00000)
  from space 2560K, 0% used [0x00000000ecc00000,0x00000000ecc00000,0x00000000ece80000)
  to   space 2560K, 0% used [0x00000000ece80000,0x00000000ece80000,0x00000000ed100000)
 ParOldGen       total 51200K, used 16023K [0x00000000c3600000, 0x00000000c6800000, 0x00000000ebc80000)
  object space 51200K, 31% used [0x00000000c3600000,0x00000000c45a5d10,0x00000000c6800000)
 PSPermGen       total 22528K, used 11133K [0x00000000be400000, 0x00000000bfa00000, 0x00000000c3600000)
  object space 22528K, 49% used [0x00000000be400000,0x00000000beedf738,0x00000000bfa00000)

Card table byte_map: [0x0000000005880000,0x0000000005a90000] byte_map_base: 0x000000000528e000

Polling page: 0x0000000000430000

Code Cache  [0x0000000002880000, 0x0000000002af0000, 0x0000000005880000)
 total_blobs=577 nmethods=140 adapters=389 free_code_cache=48368Kb largest_free_block=49492800

Compilation events (10 events):
Event: 18.205 Thread 0x0000000008d9b000  137             java.util.ArrayList::access$200 (5 bytes)
Event: 18.205 Thread 0x0000000008d9b000 nmethod 137 0x00000000029300d0 code [0x0000000002930200, 0x0000000002930258]
Event: 20.045 Thread 0x0000000008d94000  138             java.lang.AbstractStringBuilder::append (48 bytes)
Event: 20.051 Thread 0x0000000008d9b000  139   !         Game.ConnectionToServer::processMessage (831 bytes)
Event: 20.052 Thread 0x0000000008d94000 nmethod 138 0x000000000293eb50 code [0x000000000293eca0, 0x000000000293f038]
Event: 20.062 Thread 0x0000000008d94000  140             java.util.concurrent.locks.ReentrantLock::unlock (10 bytes)
Event: 20.065 Thread 0x0000000008d94000 nmethod 140 0x000000000293e6d0 code [0x000000000293e820, 0x000000000293e9a8]
Event: 20.130 Thread 0x0000000008d9b000 nmethod 139 0x0000000002946b50 code [0x0000000002947140, 0x00000000029498c0]
Event: 20.497 Thread 0x0000000008d94000  141             java.util.concurrent.locks.ReentrantLock::lock (8 bytes)
Event: 20.498 Thread 0x0000000008d94000 nmethod 141 0x000000000293e250 code [0x000000000293e3c0, 0x000000000293e4f0]

GC Heap History (8 events):
Event: 2.106 GC heap before
{Heap before GC invocations=1 (full 0):
 PSYoungGen      total 18432K, used 15872K [0x00000000ebc80000, 0x00000000ed100000, 0x0000000100000000)
  eden space 15872K, 100% used [0x00000000ebc80000,0x00000000ecc00000,0x00000000ecc00000)
  from space 2560K, 0% used [0x00000000ece80000,0x00000000ece80000,0x00000000ed100000)
  to   space 2560K, 0% used [0x00000000ecc00000,0x00000000ecc00000,0x00000000ece80000)
 ParOldGen       total 40960K, used 0K [0x00000000c3600000, 0x00000000c5e00000, 0x00000000ebc80000)
  object space 40960K, 0% used [0x00000000c3600000,0x00000000c3600000,0x00000000c5e00000)
 PSPermGen       total 21504K, used 10972K [0x00000000be400000, 0x00000000bf900000, 0x00000000c3600000)
  object space 21504K, 51% used [0x00000000be400000,0x00000000beeb7050,0x00000000bf900000)
Event: 2.113 GC heap after
Heap after GC invocations=1 (full 0):
 PSYoungGen      total 18432K, used 2432K [0x00000000ebc80000, 0x00000000ed100000, 0x0000000100000000)
  eden space 15872K, 0% used [0x00000000ebc80000,0x00000000ebc80000,0x00000000ecc00000)
  from space 2560K, 95% used [0x00000000ecc00000,0x00000000ece60300,0x00000000ece80000)
  to   space 2560K, 0% used [0x00000000ece80000,0x00000000ece80000,0x00000000ed100000)
 ParOldGen       total 40960K, used 6434K [0x00000000c3600000, 0x00000000c5e00000, 0x00000000ebc80000)
  object space 40960K, 15% used [0x00000000c3600000,0x00000000c3c48a30,0x00000000c5e00000)
 PSPermGen       total 21504K, used 10972K [0x00000000be400000, 0x00000000bf900000, 0x00000000c3600000)
  object space 21504K, 51% used [0x00000000be400000,0x00000000beeb7050,0x00000000bf900000)
}
Event: 10.765 GC heap before
{Heap before GC invocations=2 (full 0):
 PSYoungGen      total 18432K, used 18304K [0x00000000ebc80000, 0x00000000ed100000, 0x0000000100000000)
  eden space 15872K, 100% used [0x00000000ebc80000,0x00000000ecc00000,0x00000000ecc00000)
  from space 2560K, 95% used [0x00000000ecc00000,0x00000000ece60300,0x00000000ece80000)
  to   space 2560K, 0% used [0x00000000ece80000,0x00000000ece80000,0x00000000ed100000)
 ParOldGen       total 40960K, used 6434K [0x00000000c3600000, 0x00000000c5e00000, 0x00000000ebc80000)
  object space 40960K, 15% used [0x00000000c3600000,0x00000000c3c48a30,0x00000000c5e00000)
 PSPermGen       total 21504K, used 11071K [0x00000000be400000, 0x00000000bf900000, 0x00000000c3600000)
  object space 21504K, 51% used [0x00000000be400000,0x00000000beecfc80,0x00000000bf900000)
Event: 10.782 GC heap after
Heap after GC invocations=2 (full 0):
 PSYoungGen      total 18432K, used 2559K [0x00000000ebc80000, 0x00000000ed100000, 0x0000000100000000)
  eden space 15872K, 0% used [0x00000000ebc80000,0x00000000ebc80000,0x00000000ecc00000)
  from space 2560K, 99% used [0x00000000ece80000,0x00000000ed0ffe18,0x00000000ed100000)
  to   space 2560K, 0% used [0x00000000ecc00000,0x00000000ecc00000,0x00000000ece80000)
 ParOldGen       total 40960K, used 22441K [0x00000000c3600000, 0x00000000c5e00000, 0x00000000ebc80000)
  object space 40960K, 54% used [0x00000000c3600000,0x00000000c4bea5f8,0x00000000c5e00000)
 PSPermGen       total 21504K, used 11071K [0x00000000be400000, 0x00000000bf900000, 0x00000000c3600000)
  object space 21504K, 51% used [0x00000000be400000,0x00000000beecfc80,0x00000000bf900000)
}
Event: 20.593 GC heap before
{Heap before GC invocations=3 (full 0):
 PSYoungGen      total 18432K, used 18431K [0x00000000ebc80000, 0x00000000ed100000, 0x0000000100000000)
  eden space 15872K, 100% used [0x00000000ebc80000,0x00000000ecc00000,0x00000000ecc00000)
  from space 2560K, 99% used [0x00000000ece80000,0x00000000ed0ffe18,0x00000000ed100000)
  to   space 2560K, 0% used [0x00000000ecc00000,0x00000000ecc00000,0x00000000ece80000)
 ParOldGen       total 40960K, used 22441K [0x00000000c3600000, 0x00000000c5e00000, 0x00000000ebc80000)
  object space 40960K, 54% used [0x00000000c3600000,0x00000000c4bea5f8,0x00000000c5e00000)
 PSPermGen       total 21504K, used 11137K [0x00000000be400000, 0x00000000bf900000, 0x00000000c3600000)
  object space 21504K, 51% used [0x00000000be400000,0x00000000beee0608,0x00000000bf900000)
Event: 20.607 GC heap after
Heap after GC invocations=3 (full 0):
 PSYoungGen      total 18432K, used 2559K [0x00000000ebc80000, 0x00000000ed100000, 0x0000000100000000)
  eden space 15872K, 0% used [0x00000000ebc80000,0x00000000ebc80000,0x00000000ecc00000)
  from space 2560K, 99% used [0x00000000ecc00000,0x00000000ece7fce8,0x00000000ece80000)
  to   space 2560K, 0% used [0x00000000ece80000,0x00000000ece80000,0x00000000ed100000)
 ParOldGen       total 40960K, used 25020K [0x00000000c3600000, 0x00000000c5e00000, 0x00000000ebc80000)
  object space 40960K, 61% used [0x00000000c3600000,0x00000000c4e6f1d0,0x00000000c5e00000)
 PSPermGen       total 21504K, used 11137K [0x00000000be400000, 0x00000000bf900000, 0x00000000c3600000)
  object space 21504K, 51% used [0x00000000be400000,0x00000000beee0608,0x00000000bf900000)
}
Event: 20.607 GC heap before
{Heap before GC invocations=4 (full 1):
 PSYoungGen      total 18432K, used 2559K [0x00000000ebc80000, 0x00000000ed100000, 0x0000000100000000)
  eden space 15872K, 0% used [0x00000000ebc80000,0x00000000ebc80000,0x00000000ecc00000)
  from space 2560K, 99% used [0x00000000ecc00000,0x00000000ece7fce8,0x00000000ece80000)
  to   space 2560K, 0% used [0x00000000ece80000,0x00000000ece80000,0x00000000ed100000)
 ParOldGen       total 40960K, used 25020K [0x00000000c3600000, 0x00000000c5e00000, 0x00000000ebc80000)
  object space 40960K, 61% used [0x00000000c3600000,0x00000000c4e6f1d0,0x00000000c5e00000)
 PSPermGen       total 21504K, used 11137K [0x00000000be400000, 0x00000000bf900000, 0x00000000c3600000)
  object space 21504K, 51% used [0x00000000be400000,0x00000000beee0608,0x00000000bf900000)
Event: 20.653 GC heap after
Heap after GC invocations=4 (full 1):
 PSYoungGen      total 18432K, used 0K [0x00000000ebc80000, 0x00000000ed100000, 0x0000000100000000)
  eden space 15872K, 0% used [0x00000000ebc80000,0x00000000ebc80000,0x00000000ecc00000)
  from space 2560K, 0% used [0x00000000ecc00000,0x00000000ecc00000,0x00000000ece80000)
  to   space 2560K, 0% used [0x00000000ece80000,0x00000000ece80000,0x00000000ed100000)
 ParOldGen       total 51200K, used 16023K [0x00000000c3600000, 0x00000000c6800000, 0x00000000ebc80000)
  object space 51200K, 31% used [0x00000000c3600000,0x00000000c45a5d10,0x00000000c6800000)
 PSPermGen       total 22528K, used 11133K [0x00000000be400000, 0x00000000bfa00000, 0x00000000c3600000)
  object space 22528K, 49% used [0x00000000be400000,0x00000000beedf738,0x00000000bfa00000)
}

Deoptimization events (8 events):
Event: 0.821 Thread 0x000000000c8e4000 Uncommon trap: reason=class_check action=maybe_recompile pc=0x0000000002900e0c method=java.lang.String.equals(Ljava/lang/Object;)Z @ 8
Event: 0.821 Thread 0x000000000c8e4000 Uncommon trap: reason=class_check action=maybe_recompile pc=0x0000000002900e0c method=java.lang.String.equals(Ljava/lang/Object;)Z @ 8
Event: 0.982 Thread 0x000000000c8e4000 Uncommon trap: reason=class_check action=maybe_recompile pc=0x0000000002900e0c method=java.lang.String.equals(Ljava/lang/Object;)Z @ 8
Event: 0.982 Thread 0x000000000c8e4000 Uncommon trap: reason=class_check action=maybe_recompile pc=0x0000000002900e0c method=java.lang.String.equals(Ljava/lang/Object;)Z @ 8
Event: 3.672 Thread 0x000000000c8e4000 Uncommon trap: reason=unreached action=reinterpret pc=0x0000000002913770 method=sun.awt.image.SurfaceManager.getManager(Ljava/awt/Image;)Lsun/awt/image/SurfaceManager; @ 9
Event: 3.736 Thread 0x000000000c8e4000 Uncommon trap: reason=unreached action=reinterpret pc=0x000000000290e450 method=sun.awt.image.SurfaceManager.getManager(Ljava/awt/Image;)Lsun/awt/image/SurfaceManager; @ 9
Event: 10.307 Thread 0x000000000c9c1000 Uncommon trap: reason=unreached action=reinterpret pc=0x000000000292ec1c method=java.util.concurrent.locks.AbstractQueuedSynchronizer.release(I)Z @ 14
Event: 10.308 Thread 0x000000000c9c1000 Uncommon trap: reason=unreached action=reinterpret pc=0x000000000292f0a0 method=java.util.HashMap$HashIterator.nextEntry()Ljava/util/HashMap$Entry; @ 48

Internal exceptions (10 events):
Event: 0.195 Thread 0x000000000250e000 Threw 0x00000000ebe70d98 at C:\re\jdk7u51\527\hotspot\src\share\vm\prims\jvm.cpp:1244
Event: 0.202 Thread 0x000000000250e000 Threw 0x00000000ebe974f8 at C:\re\jdk7u51\527\hotspot\src\share\vm\prims\jvm.cpp:1244
Event: 1.366 Thread 0x000000000250e000 Threw 0x00000000ec004c20 at C:\re\jdk7u51\527\hotspot\src\share\vm\prims\jvm.cpp:1244
Event: 1.383 Thread 0x000000000250e000 Threw 0x00000000ec01b3a8 at C:\re\jdk7u51\527\hotspot\src\share\vm\prims\jvm.cpp:1244
Event: 1.385 Thread 0x000000000c8e4000 Threw 0x00000000ec029a90 at C:\re\jdk7u51\527\hotspot\src\share\vm\prims\jvm.cpp:1244
Event: 1.735 Thread 0x000000000250e000 Threw 0x00000000ec020e10 at C:\re\jdk7u51\527\hotspot\src\share\vm\prims\jvm.cpp:1244
Event: 1.735 Thread 0x000000000250e000 Threw 0x00000000ec0224b0 at C:\re\jdk7u51\527\hotspot\src\share\vm\prims\jvm.cpp:1244
Event: 3.672 Thread 0x000000000c8e4000 Implicit null exception at 0x0000000002913587 to 0x0000000002913761
Event: 10.307 Thread 0x000000000c9c1000 Implicit null exception at 0x000000000292eb0d to 0x000000000292ec0a
Event: 10.307 Thread 0x000000000c9c1000 Threw 0x00000000ec41a3b8 at C:\re\jdk7u51\527\hotspot\src\share\vm\prims\jvm.cpp:1244

Events (10 events):
Event: 20.655 Executing VM operation: RevokeBias
Event: 20.655 Executing VM operation: RevokeBias done
Event: 20.655 Executing VM operation: RevokeBias
Event: 20.655 Executing VM operation: RevokeBias done
Event: 20.655 Executing VM operation: RevokeBias
Event: 20.655 Executing VM operation: RevokeBias done
Event: 20.655 Executing VM operation: RevokeBias
Event: 20.655 Executing VM operation: RevokeBias done
Event: 20.655 Executing VM operation: BulkRevokeBias
Event: 20.655 Executing VM operation: BulkRevokeBias done


Dynamic libraries:
0x000000013fbb0000 - 0x000000013fbe3000 	C:\Program Files\Java\jdk1.7.0_51\bin\java.exe
0x0000000077c10000 - 0x0000000077db9000 	C:\Windows\SYSTEM32\ntdll.dll
0x0000000077af0000 - 0x0000000077c0f000 	C:\Windows\system32\kernel32.dll
0x000007fefdec0000 - 0x000007fefdf2c000 	C:\Windows\system32\KERNELBASE.dll
0x000007fefe020000 - 0x000007fefe0fb000 	C:\Windows\system32\ADVAPI32.dll
0x000007fefed50000 - 0x000007fefedef000 	C:\Windows\system32\msvcrt.dll
0x000007fefec00000 - 0x000007fefec1f000 	C:\Windows\SYSTEM32\sechost.dll
0x000007fefe560000 - 0x000007fefe68d000 	C:\Windows\system32\RPCRT4.dll
0x00000000779f0000 - 0x0000000077aea000 	C:\Windows\system32\USER32.dll
0x000007fefdf30000 - 0x000007fefdf97000 	C:\Windows\system32\GDI32.dll
0x000007fefec20000 - 0x000007fefec2e000 	C:\Windows\system32\LPK.dll
0x000007fefe280000 - 0x000007fefe349000 	C:\Windows\system32\USP10.dll
0x000007fefc4f0000 - 0x000007fefc6e4000 	C:\Windows\WinSxS\amd64_microsoft.windows.common-controls_6595b64144ccf1df_6.0.7601.17514_none_fa396087175ac9ac\COMCTL32.dll
0x000007fefdfa0000 - 0x000007fefe011000 	C:\Windows\system32\SHLWAPI.dll
0x000007fefe350000 - 0x000007fefe37e000 	C:\Windows\system32\IMM32.DLL
0x000007fefedf0000 - 0x000007fefeef9000 	C:\Windows\system32\MSCTF.dll
0x000007fefdb20000 - 0x000007fefdb51000 	C:\Windows\system32\nvinitx.dll
0x000000000f000000 - 0x000000000f006000 	C:\Program Files\NVIDIA Corporation\CoProcManager\detoured.dll
0x000007fefa150000 - 0x000007fefa17d000 	C:\Program Files\NVIDIA Corporation\CoProcManager\nvd3d9wrapx.dll
0x000007fefe380000 - 0x000007fefe557000 	C:\Windows\system32\SETUPAPI.dll
0x000007fefde40000 - 0x000007fefde76000 	C:\Windows\system32\CFGMGR32.dll
0x000007fefe690000 - 0x000007fefe767000 	C:\Windows\system32\OLEAUT32.dll
0x000007fefe770000 - 0x000007fefe973000 	C:\Windows\system32\ole32.dll
0x000007fefdc10000 - 0x000007fefdc2a000 	C:\Windows\system32\DEVOBJ.dll
0x000007fefa120000 - 0x000007fefa142000 	C:\Program Files\NVIDIA Corporation\CoProcManager\nvdxgiwrapx.dll
0x000000006e380000 - 0x000000006e452000 	C:\Program Files\Java\jdk1.7.0_51\jre\bin\msvcr100.dll
0x00000000637a0000 - 0x0000000063f69000 	C:\Program Files\Java\jdk1.7.0_51\jre\bin\server\jvm.dll
0x000007fef1a00000 - 0x000007fef1a09000 	C:\Windows\system32\WSOCK32.dll
0x000007fefe100000 - 0x000007fefe14d000 	C:\Windows\system32\WS2_32.dll
0x000007fefef00000 - 0x000007fefef08000 	C:\Windows\system32\NSI.dll
0x000007fefb070000 - 0x000007fefb0ab000 	C:\Windows\system32\WINMM.dll
0x0000000077de0000 - 0x0000000077de7000 	C:\Windows\system32\PSAPI.DLL
0x0000000073980000 - 0x000000007398f000 	C:\Program Files\Java\jdk1.7.0_51\jre\bin\verify.dll
0x0000000073670000 - 0x0000000073698000 	C:\Program Files\Java\jdk1.7.0_51\jre\bin\java.dll
0x00000000710a0000 - 0x00000000710b5000 	C:\Program Files\Java\jdk1.7.0_51\jre\bin\zip.dll
0x000000006dfc0000 - 0x000000006e155000 	C:\Program Files\Java\jdk1.7.0_51\jre\bin\awt.dll
0x000007fefbeb0000 - 0x000007fefbec8000 	C:\Windows\system32\DWMAPI.DLL
0x000007fefc290000 - 0x000007fefc2e6000 	C:\Windows\system32\uxtheme.dll
0x000007fefda50000 - 0x000007fefda5f000 	C:\Windows\system32\CRYPTBASE.dll
0x000007fefef10000 - 0x000007feffc98000 	C:\Windows\system32\SHELL32.dll
0x0000000073600000 - 0x0000000073619000 	C:\Program Files\Java\jdk1.7.0_51\jre\bin\net.dll
0x000007fefd350000 - 0x000007fefd3a5000 	C:\Windows\system32\mswsock.dll
0x000007fefd330000 - 0x000007fefd337000 	C:\Windows\System32\wship6.dll
0x0000000073530000 - 0x0000000073577000 	C:\Program Files\Java\jdk1.7.0_51\jre\bin\fontmanager.dll
0x0000000071080000 - 0x0000000071091000 	C:\Program Files\Java\jdk1.7.0_51\jre\bin\nio.dll
0x000000006ff60000 - 0x000000006ffa1000 	C:\Program Files\Java\jdk1.7.0_51\jre\bin\t2k.dll
0x000007fefecb0000 - 0x000007fefed49000 	C:\Windows\system32\CLBCatQ.DLL
0x000007fefbd40000 - 0x000007fefbe6a000 	C:\Windows\system32\WindowsCodecs.dll
0x000007fefd9f0000 - 0x000007fefda47000 	C:\Windows\system32\apphelp.dll
0x0000000072bb0000 - 0x0000000072bc6000 	C:\Program Files\Common Files\TortoiseOverlays\TortoiseOverlays.dll
0x0000000072b90000 - 0x0000000072ba7000 	C:\Program Files\TortoiseSVN\bin\TortoiseStub.dll
0x0000000072b10000 - 0x0000000072b8d000 	C:\Program Files\TortoiseSVN\bin\TortoiseSVN.dll
0x000007fefe150000 - 0x000007fefe27a000 	C:\Windows\system32\WININET.dll
0x000007fefe980000 - 0x000007fefeaf8000 	C:\Windows\system32\urlmon.dll
0x000007fefdc30000 - 0x000007fefdd9c000 	C:\Windows\system32\CRYPT32.dll
0x000007fefdc00000 - 0x000007fefdc0f000 	C:\Windows\system32\MSASN1.dll
0x000007feffca0000 - 0x000007feffefc000 	C:\Windows\system32\iertutil.dll
0x000007fefcc60000 - 0x000007fefcc6c000 	C:\Windows\system32\VERSION.dll
0x000007fef80c0000 - 0x000007fef8531000 	C:\Program Files\TortoiseSVN\bin\libsvn_tsvn.dll
0x0000000072ae0000 - 0x0000000072b0e000 	C:\Program Files\TortoiseSVN\bin\libapr_tsvn.dll
0x000007fef7fe0000 - 0x000007fef80b4000 	C:\Windows\system32\MSVCR110.dll
0x0000000072a20000 - 0x0000000072a65000 	C:\Program Files\TortoiseSVN\bin\libaprutil_tsvn.dll
0x000007fefeb00000 - 0x000007fefeb52000 	C:\Windows\system32\WLDAP32.dll
0x000007fef7ac0000 - 0x000007fef7ad1000 	C:\Program Files\TortoiseSVN\bin\intl3_tsvn.dll
0x000007fef7aa0000 - 0x000007fef7ab9000 	C:\Program Files\TortoiseSVN\bin\libsasl.dll
0x000007fefd730000 - 0x000007fefd73b000 	C:\Windows\system32\Secur32.dll
0x000007fefd9c0000 - 0x000007fefd9e5000 	C:\Windows\system32\SSPICLI.DLL
0x000007fef79f0000 - 0x000007fef7a97000 	C:\Windows\system32\MSVCP110.dll
0x000007fef7950000 - 0x000007fef7985000 	C:\Windows\system32\EhStorShell.dll
0x000007fefc370000 - 0x000007fefc49c000 	C:\Windows\system32\PROPSYS.dll
0x000007fef7890000 - 0x000007fef7950000 	C:\Program Files (x86)\Google\Drive\googledrivesync64.dll
0x0000000072140000 - 0x0000000072213000 	C:\Program Files (x86)\Google\Drive\Microsoft.VC90.CRT\MSVCP90.dll
0x0000000072090000 - 0x0000000072133000 	C:\Program Files (x86)\Google\Drive\Microsoft.VC90.CRT\MSVCR90.dll
0x0000000070f90000 - 0x0000000070f9c000 	C:\Program Files\Java\jdk1.7.0_51\jre\bin\jsound.dll
0x00000000710e0000 - 0x00000000710eb000 	C:\Program Files\Java\jdk1.7.0_51\jre\bin\jsoundds.dll
0x000007fefb840000 - 0x000007fefb8c8000 	C:\Windows\system32\DSOUND.dll
0x000007fefc6f0000 - 0x000007fefc71c000 	C:\Windows\system32\POWRPROF.dll
0x000007fefc4a0000 - 0x000007fefc4eb000 	C:\Windows\system32\MMDevAPI.DLL
0x000007fef46d0000 - 0x000007fef470b000 	C:\Windows\system32\wdmaud.drv
0x0000000071880000 - 0x0000000071886000 	C:\Windows\system32\ksuser.dll
0x000007fefc360000 - 0x000007fefc369000 	C:\Windows\system32\AVRT.dll
0x000007fef6ac0000 - 0x000007fef6b0f000 	C:\Windows\system32\AUDIOSES.DLL
0x000007fef46c0000 - 0x000007fef46ca000 	C:\Windows\system32\msacm32.drv
0x000007fef46a0000 - 0x000007fef46b8000 	C:\Windows\system32\MSACM32.dll
0x000007fef4690000 - 0x000007fef4699000 	C:\Windows\system32\midimap.dll
0x000000006e530000 - 0x000000006e5d2000 	C:\Program Files\Java\jdk1.7.0_51\jre\bin\mlib_image.dll

VM Arguments:
jvm_args: -Dfile.encoding=UTF-8 
java_command: Game.Launcher
Launcher Type: SUN_STANDARD

Environment Variables:
JAVA_HOME=C:\Program Files\Java\jdk1.7.0_51
JRE_HOME=C:\Program Files\Java\jre7
CLASSPATH=C:\Program Files\Java\jdk1.7.0_51\lib\dt.jar;C:\Program Files\Java\jdk1.7.0_51\lib\tools.jar
PATH=C:\Program Files (x86)\NVIDIA Corporation\PhysX\Common;ommonProgramFiles\Microsoft Shared\Windows Live;C:\Windows\system32;C:\Windows;C:\Windows\System32\Wbem;C:\Windows\System32\WindowsPowerShell\v1.0\;C:\Program Files\Java\jdk1.7.0_51\bin;C:\Program Files\TortoiseSVN\bin;C:\Program Files (x86)\VisualSVN Server\bin;C:\Program Files (x86)\MySQL\MySQL Utilities 1.3.6\;C:\Program Files (x86)\GTK2-Runtime\bin;C:\Android\sdk\tools ;C:\Program Files\Common Files\Microsoft Shared\Windows Live;C:\Program Files\Java\jdk1.7.0_51\bin;C:\Android\sdk\tools;C:\gradle-1.12\bin
USERNAME=Edgar
OS=Windows_NT
PROCESSOR_IDENTIFIER=Intel64 Family 6 Model 42 Stepping 7, GenuineIntel



---------------  S Y S T E M  ---------------

OS: Windows 7 , 64 bit Build 7601 Service Pack 1

CPU:total 8 (4 cores per cpu, 2 threads per core) family 6 model 42 stepping 7, cmov, cx8, fxsr, mmx, sse, sse2, sse3, ssse3, sse4.1, sse4.2, popcnt, avx, ht, tsc, tscinvbit

Memory: 4k page, physical 3964988k(1127560k free), swap 9796160k(4098364k free)

vm_info: Java HotSpot(TM) 64-Bit Server VM (24.51-b03) for windows-amd64 JRE (1.7.0_51-b13), built on Dec 18 2013 18:40:56 by "java_re" with unknown MS VC++:1600

time: Sat Jun 28 00:51:30 2014
elapsed time: 20 seconds

